/usr/local/src/clion-2020.3.2/bin/cmake/linux/bin/cmake -DCMAKE_BUILD_TYPE=Debug -G "CodeBlocks - Unix Makefiles" "/media/kamui/2454C0AC54C08252/Uni/S2.Data Structures and Algorithms/ADT Set - Lab 1 HW"
-- The C compiler identification is unknown
-- The CXX compiler identification is unknown
-- Check for working C compiler: /usr/bin/cc
-- Check for working C compiler: /usr/bin/cc - broken
CMake Error at /usr/local/src/clion-2020.3.2/bin/cmake/linux/share/cmake-3.17/Modules/CMakeTestCCompiler.cmake:60 (message):
  The C compiler

    "/usr/bin/cc"

  is not able to compile a simple test program.

  It fails with the following output:

    Change Dir: /media/kamui/2454C0AC54C08252/Uni/S2.Data Structures and Algorithms/ADT Set - Lab 1 HW/cmake-build-debug/CMakeFiles/CMakeTmp
    
    Run Build Command(s):/usr/bin/make cmTC_b8ab9/fast && /usr/bin/make  -f CMakeFiles/cmTC_b8ab9.dir/build.make CMakeFiles/cmTC_b8ab9.dir/build
    make[1]: Entering directory '/media/kamui/2454C0AC54C08252/Uni/S2.Data Structures and Algorithms/ADT Set - Lab 1 HW/cmake-build-debug/CMakeFiles/CMakeTmp'
    Building C object CMakeFiles/cmTC_b8ab9.dir/testCCompiler.c.o
    /usr/bin/cc    -o CMakeFiles/cmTC_b8ab9.dir/testCCompiler.c.o   -c "/media/kamui/2454C0AC54C08252/Uni/S2.Data Structures and Algorithms/ADT Set - Lab 1 HW/cmake-build-debug/CMakeFiles/CMakeTmp/testCCompiler.c"
    /media/kamui/2454C0AC54C08252/Uni/S2.Data Structures and Algorithms/ADT Set - Lab 1 HW/cmake-build-debug/CMakeFiles/CMakeTmp/testCCompiler.c:11:1: fatal error: error closing /tmp/ccFaKyuP.s: No space left on device
       11 | { (void)argv; return argc-1;}
          | ^
    compilation terminated.
    make[1]: *** [CMakeFiles/cmTC_b8ab9.dir/build.make:86: CMakeFiles/cmTC_b8ab9.dir/testCCompiler.c.o] Error 1
    make[1]: Leaving directory '/media/kamui/2454C0AC54C08252/Uni/S2.Data Structures and Algorithms/ADT Set - Lab 1 HW/cmake-build-debug/CMakeFiles/CMakeTmp'
    make: *** [Makefile:141: cmTC_b8ab9/fast] Error 2
    
    

  

  CMake will not be able to correctly generate this project.
Call Stack (most recent call first):
  CMakeLists.txt:2 (project)


-- Configuring incomplete, errors occurred!
See also "/media/kamui/2454C0AC54C08252/Uni/S2.Data Structures and Algorithms/ADT Set - Lab 1 HW/cmake-build-debug/CMakeFiles/CMakeOutput.log".
See also "/media/kamui/2454C0AC54C08252/Uni/S2.Data Structures and Algorithms/ADT Set - Lab 1 HW/cmake-build-debug/CMakeFiles/CMakeError.log".
